<?xml version="1.0" encoding="UTF-8"?>
<testng-results ignored="0" total="1" passed="1" failed="0" skipped="0">
  <reporter-output>
  </reporter-output>
  <suite started-at="2022-06-13T19:38:57 IST" name="Default suite" finished-at="2022-06-13T19:38:57 IST" duration-ms="65">
    <groups>
    </groups>
    <test started-at="2022-06-13T19:38:57 IST" name="Default test" finished-at="2022-06-13T19:38:57 IST" duration-ms="65">
      <class name="coreJavaTraining.demo">
        <test-method signature="stringdefine()[pri:0, instance:coreJavaTraining.demo@f381794]" started-at="2022-06-13T19:38:57 IST" name="stringdefine" finished-at="2022-06-13T19:38:57 IST" duration-ms="12" status="PASS">
          <reporter-output>
          </reporter-output>
        </test-method> <!-- stringdefine -->
      </class> <!-- coreJavaTraining.demo -->
    </test> <!-- Default test -->
  </suite> <!-- Default suite -->
</testng-results>
